c:\users\moon\desktop\sr_cult\editortool\include\x64\debug\editortool.pch
c:\users\moon\desktop\sr_cult\editortool\bin\editortool.pdb
c:\users\moon\desktop\sr_cult\editortool\bin\editortool.idb
c:\users\moon\desktop\sr_cult\editortool\include\x64\debug\pch.obj
c:\users\moon\desktop\sr_cult\editortool\include\x64\debug\editortool.obj
c:\users\moon\desktop\sr_cult\editortool\include\x64\debug\cimguimanager.obj
c:\users\moon\desktop\sr_cult\editortool\include\x64\debug\imgui_widgets.obj
c:\users\moon\desktop\sr_cult\editortool\include\x64\debug\imgui_tables.obj
c:\users\moon\desktop\sr_cult\editortool\include\x64\debug\imgui_impl_win32.obj
c:\users\moon\desktop\sr_cult\editortool\include\x64\debug\imgui_impl_dx9.obj
c:\users\moon\desktop\sr_cult\editortool\include\x64\debug\imgui_draw.obj
c:\users\moon\desktop\sr_cult\editortool\include\x64\debug\imgui_demo.obj
c:\users\moon\desktop\sr_cult\editortool\include\x64\debug\imgui.obj
c:\users\moon\desktop\sr_cult\editortool\bin\editortool.lib
c:\users\moon\desktop\sr_cult\editortool\include\x64\debug\editortool.tlog\cl.command.1.tlog
c:\users\moon\desktop\sr_cult\editortool\include\x64\debug\editortool.tlog\cl.items.tlog
c:\users\moon\desktop\sr_cult\editortool\include\x64\debug\editortool.tlog\cl.read.1.tlog
c:\users\moon\desktop\sr_cult\editortool\include\x64\debug\editortool.tlog\cl.write.1.tlog
c:\users\moon\desktop\sr_cult\editortool\include\x64\debug\editortool.tlog\lib-link.read.1.tlog
c:\users\moon\desktop\sr_cult\editortool\include\x64\debug\editortool.tlog\lib-link.write.1.tlog
c:\users\moon\desktop\sr_cult\editortool\include\x64\debug\editortool.tlog\lib.command.1.tlog
