  pch.cpp
  CImGuiManager.cpp
  EditorTool.cpp
  코드를 생성하고 있습니다...
  EditorTool.vcxproj -> C:\Users\moon\Desktop\SR_Cult\EditorTool\Bin\EditorTool.lib
  '//'은(는) 내부 또는 외부 명령, 실행할 수 있는 프로그램, 또는
  배치 파일이 아닙니다.
  .\Engine\Bin\Engine.dll
  1개 파일이 복사되었습니다.
  .\Engine\Bin\Engine.lib
  1개 파일이 복사되었습니다.
  .\Engine\Header\CComponent.h
  .\Engine\Header\CFrame.h
  .\Engine\Header\CFrameMgr.h
  .\Engine\Header\CGameObject.h
  .\Engine\Header\CGraphicDev.h
  .\Engine\Header\CLayer.h
  .\Engine\Header\CManagement.h
  .\Engine\Header\CProtoMgr.h
  .\Engine\Header\CRcCol.h
  .\Engine\Header\CRcTex.h
  .\Engine\Header\CRenderer.h
  .\Engine\Header\CScene.h
  .\Engine\Header\CTexture.h
  .\Engine\Header\CTimer.h
  .\Engine\Header\CTimerMgr.h
  .\Engine\Header\CTransform.h
  .\Engine\Header\CTriCol.h
  .\Engine\Header\CVIBuffer.h
  .\Engine\Header\Engine_Define.h
  .\Engine\Header\Engine_Enum.h
  .\Engine\Header\Engine_Function.h
  .\Engine\Header\Engine_Macro.h
  .\Engine\Header\Engine_Struct.h
  .\Engine\Header\Engine_Typedef.h
  24개 파일이 복사되었습니다.
  .\EditorTool\Bin\EditorTool.lib
  1개 파일이 복사되었습니다.
  .\EditorTool\Header\CImGuiManager.h
  1개 파일이 복사되었습니다.
