  pch.cpp
  CDroppedItem.cpp
  CInventory.cpp
  CItemDB.cpp
  CLogo.cpp
  CMainApp.cpp
  CMonster.cpp
  CPlayer.cpp
  CStage.cpp
  Client.cpp
  코드를 생성하고 있습니다...
  LINK : ..\Bin\Client.exe을(를) 찾을 수 없거나 마지막 증분 링크에 의해 빌드되지 않았습니다. 전체 링크를 수행하고 있습니다.
EditorTool.lib(imgui.obj) : warning LNK4099: '' PDB를 'EditorTool.lib(imgui.obj)' 또는 ''에서 찾을 수 없습니다. 디버그 정보가 없는 것처럼 개체를 링크합니다.
EditorTool.lib(CImGuiManager.obj) : warning LNK4099: '' PDB를 'EditorTool.lib(CImGuiManager.obj)' 또는 ''에서 찾을 수 없습니다. 디버그 정보가 없는 것처럼 개체를 링크합니다.
EditorTool.lib(imgui_draw.obj) : warning LNK4099: '' PDB를 'EditorTool.lib(imgui_draw.obj)' 또는 ''에서 찾을 수 없습니다. 디버그 정보가 없는 것처럼 개체를 링크합니다.
EditorTool.lib(imgui_widgets.obj) : warning LNK4099: '' PDB를 'EditorTool.lib(imgui_widgets.obj)' 또는 ''에서 찾을 수 없습니다. 디버그 정보가 없는 것처럼 개체를 링크합니다.
EditorTool.lib(imgui_tables.obj) : warning LNK4099: '' PDB를 'EditorTool.lib(imgui_tables.obj)' 또는 ''에서 찾을 수 없습니다. 디버그 정보가 없는 것처럼 개체를 링크합니다.
EditorTool.lib(imgui_demo.obj) : warning LNK4099: '' PDB를 'EditorTool.lib(imgui_demo.obj)' 또는 ''에서 찾을 수 없습니다. 디버그 정보가 없는 것처럼 개체를 링크합니다.
EditorTool.lib(imgui_impl_dx9.obj) : warning LNK4099: '' PDB를 'EditorTool.lib(imgui_impl_dx9.obj)' 또는 ''에서 찾을 수 없습니다. 디버그 정보가 없는 것처럼 개체를 링크합니다.
EditorTool.lib(imgui_impl_win32.obj) : warning LNK4099: '' PDB를 'EditorTool.lib(imgui_impl_win32.obj)' 또는 ''에서 찾을 수 없습니다. 디버그 정보가 없는 것처럼 개체를 링크합니다.
EditorTool.lib(pch.obj) : warning LNK4099: '' PDB를 'EditorTool.lib(pch.obj)' 또는 ''에서 찾을 수 없습니다. 디버그 정보가 없는 것처럼 개체를 링크합니다.
     ../Bin\Client.lib 라이브러리 및 ../Bin\Client.exp 개체를 생성하고 있습니다.
  Client.vcxproj -> C:\Users\LG\Documents\GitHub\SR_Cult\Client\Bin\Client.exe
