d:\유준환\158기\frame158\engine\include\x64\debug\vc143.pdb
d:\유준환\158기\frame158\engine\include\x64\debug\vc143.idb
d:\유준환\158기\frame158\engine\include\x64\debug\cvibuffer.obj
d:\유준환\158기\frame158\engine\include\x64\debug\ctricol.obj
d:\유준환\158기\frame158\engine\include\x64\debug\ctransform.obj
d:\유준환\158기\frame158\engine\include\x64\debug\ctimermgr.obj
d:\유준환\158기\frame158\engine\include\x64\debug\ctimer.obj
d:\유준환\158기\frame158\engine\include\x64\debug\ctexture.obj
d:\유준환\158기\frame158\engine\include\x64\debug\cscene.obj
d:\유준환\158기\frame158\engine\include\x64\debug\crctex.obj
d:\유준환\158기\frame158\engine\include\x64\debug\crccol.obj
d:\유준환\158기\frame158\engine\include\x64\debug\cprotomgr.obj
d:\유준환\158기\frame158\engine\include\x64\debug\cmanagement.obj
d:\유준환\158기\frame158\engine\include\x64\debug\clayer.obj
d:\유준환\158기\frame158\engine\include\x64\debug\cgraphicdev.obj
d:\유준환\158기\frame158\engine\include\x64\debug\cgameobject.obj
d:\유준환\158기\frame158\engine\include\x64\debug\cframemgr.obj
d:\유준환\158기\frame158\engine\include\x64\debug\cframe.obj
d:\유준환\158기\frame158\engine\include\x64\debug\ccomponent.obj
d:\유준환\158기\frame158\engine\include\x64\debug\crenderer.obj
d:\유준환\158기\frame158\engine\bin\engine.dll
d:\유준환\158기\frame158\engine\bin\engine.pdb
d:\유준환\158기\frame158\engine\bin\engine.lib
d:\유준환\158기\frame158\engine\bin\engine.exp
d:\유준환\158기\frame158\engine\include\x64\debug\engine.ilk
d:\유준환\158기\frame158\engine\include\x64\debug\engine.tlog\cl.command.1.tlog
d:\유준환\158기\frame158\engine\include\x64\debug\engine.tlog\cl.items.tlog
d:\유준환\158기\frame158\engine\include\x64\debug\engine.tlog\cl.read.1.tlog
d:\유준환\158기\frame158\engine\include\x64\debug\engine.tlog\cl.write.1.tlog
d:\유준환\158기\frame158\engine\include\x64\debug\engine.tlog\link.command.1.tlog
d:\유준환\158기\frame158\engine\include\x64\debug\engine.tlog\link.read.1.tlog
d:\유준환\158기\frame158\engine\include\x64\debug\engine.tlog\link.secondary.1.tlog
d:\유준환\158기\frame158\engine\include\x64\debug\engine.tlog\link.write.1.tlog
